# JRE version: Java(TM) SE Runtime Environment (8.0_121-b13) (build 1.8.0_121-b13)
# Java VM: Java HotSpot(TM) 64-Bit Server VM (25.121-b13 mixed mode windows-amd64 compressed oops)
Heap:
 PSYoungGen      total 194560K, used 177488K [0x00000000eb300000, 0x00000000f8700000, 0x0000000100000000)
  eden space 182272K, 97% used [0x00000000eb300000,0x00000000f6054328,0x00000000f6500000)
  from space 12288K, 0% used [0x00000000f7180000,0x00000000f7180000,0x00000000f7d80000)
  to   space 12800K, 0% used [0x00000000f6500000,0x00000000f6500000,0x00000000f7180000)
 ParOldGen       total 47616K, used 18931K [0x00000000c1800000, 0x00000000c4680000, 0x00000000eb300000)
  object space 47616K, 39% used [0x00000000c1800000,0x00000000c2a7cff0,0x00000000c4680000)
 Metaspace       used 44040K, capacity 45032K, committed 45184K, reserved 1087488K
  class space    used 6003K, capacity 6268K, committed 6272K, reserved 1048576K
GC Heap History (10 events):
Event: 3.098 GC heap before
{Heap before GC invocations=8 (full 1):
 PSYoungGen      total 73728K, used 3584K [0x00000000eb300000, 0x00000000f4300000, 0x0000000100000000)
  eden space 65024K, 0% used [0x00000000eb300000,0x00000000eb300000,0x00000000ef280000)
  from space 8704K, 41% used [0x00000000ef280000,0x00000000ef600010,0x00000000efb00000)
  to   space 8704K, 0% used [0x00000000f3a80000,0x00000000f3a80000,0x00000000f4300000)
 ParOldGen       total 44032K, used 11023K [0x00000000c1800000, 0x00000000c4300000, 0x00000000eb300000)
  object space 44032K, 25% used [0x00000000c1800000,0x00000000c22c3dc8,0x00000000c4300000)
 Metaspace       used 20915K, capacity 21160K, committed 21296K, reserved 1067008K
  class space    used 2869K, capacity 2932K, committed 2944K, reserved 1048576K
Event: 3.181 GC heap after
Heap after GC invocations=8 (full 1):
 PSYoungGen      total 73728K, used 0K [0x00000000eb300000, 0x00000000f4300000, 0x0000000100000000)
  eden space 65024K, 0% used [0x00000000eb300000,0x00000000eb300000,0x00000000ef280000)
  from space 8704K, 0% used [0x00000000ef280000,0x00000000ef280000,0x00000000efb00000)
  to   space 8704K, 0% used [0x00000000f3a80000,0x00000000f3a80000,0x00000000f4300000)
 ParOldGen       total 33792K, used 10288K [0x00000000c1800000, 0x00000000c3900000, 0x00000000eb300000)
  object space 33792K, 30% used [0x00000000c1800000,0x00000000c220c348,0x00000000c3900000)
 Metaspace       used 20915K, capacity 21160K, committed 21296K, reserved 1067008K
  class space    used 2869K, capacity 2932K, committed 2944K, reserved 1048576K
}
Event: 4.185 GC heap before
{Heap before GC invocations=9 (full 1):
 PSYoungGen      total 73728K, used 65024K [0x00000000eb300000, 0x00000000f4300000, 0x0000000100000000)
  eden space 65024K, 100% used [0x00000000eb300000,0x00000000ef280000,0x00000000ef280000)
  from space 8704K, 0% used [0x00000000ef280000,0x00000000ef280000,0x00000000efb00000)
  to   space 8704K, 0% used [0x00000000f3a80000,0x00000000f3a80000,0x00000000f4300000)
 ParOldGen       total 33792K, used 10288K [0x00000000c1800000, 0x00000000c3900000, 0x00000000eb300000)
  object space 33792K, 30% used [0x00000000c1800000,0x00000000c220c348,0x00000000c3900000)
 Metaspace       used 26599K, capacity 27056K, committed 27520K, reserved 1073152K
  class space    used 3719K, capacity 3854K, committed 3968K, reserved 1048576K
Event: 4.191 GC heap after
Heap after GC invocations=9 (full 1):
 PSYoungGen      total 128000K, used 6392K [0x00000000eb300000, 0x00000000f4100000, 0x0000000100000000)
  eden space 121344K, 0% used [0x00000000eb300000,0x00000000eb300000,0x00000000f2980000)
  from space 6656K, 96% used [0x00000000f3a80000,0x00000000f40be358,0x00000000f4100000)
  to   space 8704K, 0% used [0x00000000f3000000,0x00000000f3000000,0x00000000f3880000)
 ParOldGen       total 33792K, used 10360K [0x00000000c1800000, 0x00000000c3900000, 0x00000000eb300000)
  object space 33792K, 30% used [0x00000000c1800000,0x00000000c221e358,0x00000000c3900000)
 Metaspace       used 26599K, capacity 27056K, committed 27520K, reserved 1073152K
  class space    used 3719K, capacity 3854K, committed 3968K, reserved 1048576K
}
Event: 5.970 GC heap before
{Heap before GC invocations=10 (full 1):
 PSYoungGen      total 128000K, used 127736K [0x00000000eb300000, 0x00000000f4100000, 0x0000000100000000)
  eden space 121344K, 100% used [0x00000000eb300000,0x00000000f2980000,0x00000000f2980000)
  from space 6656K, 96% used [0x00000000f3a80000,0x00000000f40be358,0x00000000f4100000)
  to   space 8704K, 0% used [0x00000000f3000000,0x00000000f3000000,0x00000000f3880000)
 ParOldGen       total 33792K, used 10360K [0x00000000c1800000, 0x00000000c3900000, 0x00000000eb300000)
  object space 33792K, 30% used [0x00000000c1800000,0x00000000c221e358,0x00000000c3900000)
 Metaspace       used 33982K, capacity 34564K, committed 35072K, reserved 1079296K
  class space    used 4638K, capacity 4771K, committed 4864K, reserved 1048576K
Event: 5.999 GC heap after
Heap after GC invocations=10 (full 1):
 PSYoungGen      total 136704K, used 8698K [0x00000000eb300000, 0x00000000f7d80000, 0x0000000100000000)
  eden space 128000K, 0% used [0x00000000eb300000,0x00000000eb300000,0x00000000f3000000)
  from space 8704K, 99% used [0x00000000f3000000,0x00000000f387e858,0x00000000f3880000)
  to   space 12288K, 0% used [0x00000000f7180000,0x00000000f7180000,0x00000000f7d80000)
 ParOldGen       total 33792K, used 16447K [0x00000000c1800000, 0x00000000c3900000, 0x00000000eb300000)
  object space 33792K, 48% used [0x00000000c1800000,0x00000000c280fe70,0x00000000c3900000)
 Metaspace       used 33982K, capacity 34564K, committed 35072K, reserved 1079296K
  class space    used 4638K, capacity 4771K, committed 4864K, reserved 1048576K
}
Event: 6.269 GC heap before
{Heap before GC invocations=11 (full 1):
 PSYoungGen      total 136704K, used 31573K [0x00000000eb300000, 0x00000000f7d80000, 0x0000000100000000)
  eden space 128000K, 17% used [0x00000000eb300000,0x00000000ec956de8,0x00000000f3000000)
  from space 8704K, 99% used [0x00000000f3000000,0x00000000f387e858,0x00000000f3880000)
  to   space 12288K, 0% used [0x00000000f7180000,0x00000000f7180000,0x00000000f7d80000)
 ParOldGen       total 33792K, used 16447K [0x00000000c1800000, 0x00000000c3900000, 0x00000000eb300000)
  object space 33792K, 48% used [0x00000000c1800000,0x00000000c280fe70,0x00000000c3900000)
 Metaspace       used 34544K, capacity 35162K, committed 35456K, reserved 1079296K
  class space    used 4728K, capacity 4928K, committed 4992K, reserved 1048576K
Event: 6.300 GC heap after
Heap after GC invocations=11 (full 1):
 PSYoungGen      total 194560K, used 9100K [0x00000000eb300000, 0x00000000f8700000, 0x0000000100000000)
  eden space 182272K, 0% used [0x00000000eb300000,0x00000000eb300000,0x00000000f6500000)
  from space 12288K, 74% used [0x00000000f7180000,0x00000000f7a63160,0x00000000f7d80000)
  to   space 12800K, 0% used [0x00000000f6500000,0x00000000f6500000,0x00000000f7180000)
 ParOldGen       total 33792K, used 18163K [0x00000000c1800000, 0x00000000c3900000, 0x00000000eb300000)
  object space 33792K, 53% used [0x00000000c1800000,0x00000000c29bce80,0x00000000c3900000)
 Metaspace       used 34544K, capacity 35162K, committed 35456K, reserved 1079296K
  class space    used 4728K, capacity 4928K, committed 4992K, reserved 1048576K
}
Event: 6.300 GC heap before
{Heap before GC invocations=12 (full 2):
 PSYoungGen      total 194560K, used 9100K [0x00000000eb300000, 0x00000000f8700000, 0x0000000100000000)
  eden space 182272K, 0% used [0x00000000eb300000,0x00000000eb300000,0x00000000f6500000)
  from space 12288K, 74% used [0x00000000f7180000,0x00000000f7a63160,0x00000000f7d80000)
  to   space 12800K, 0% used [0x00000000f6500000,0x00000000f6500000,0x00000000f7180000)
 ParOldGen       total 33792K, used 18163K [0x00000000c1800000, 0x00000000c3900000, 0x00000000eb300000)
  object space 33792K, 53% used [0x00000000c1800000,0x00000000c29bce80,0x00000000c3900000)
 Metaspace       used 34544K, capacity 35162K, committed 35456K, reserved 1079296K
  class space    used 4728K, capacity 4928K, committed 4992K, reserved 1048576K
Event: 6.419 GC heap after
Heap after GC invocations=12 (full 2):
 PSYoungGen      total 194560K, used 0K [0x00000000eb300000, 0x00000000f8700000, 0x0000000100000000)
  eden space 182272K, 0% used [0x00000000eb300000,0x00000000eb300000,0x00000000f6500000)
  from space 12288K, 0% used [0x00000000f7180000,0x00000000f7180000,0x00000000f7d80000)
  to   space 12800K, 0% used [0x00000000f6500000,0x00000000f6500000,0x00000000f7180000)
 ParOldGen       total 47616K, used 18931K [0x00000000c1800000, 0x00000000c4680000, 0x00000000eb300000)
  object space 47616K, 39% used [0x00000000c1800000,0x00000000c2a7cff0,0x00000000c4680000)
 Metaspace       used 34544K, capacity 35162K, committed 35456K, reserved 1079296K
  class space    used 4728K, capacity 4928K, committed 4992K, reserved 1048576K
}

