# JRE version: Java(TM) SE Runtime Environment (8.0_121-b13) (build 1.8.0_121-b13)
# Java VM: Java HotSpot(TM) 64-Bit Server VM (25.121-b13 mixed mode windows-amd64 compressed oops)
Heap:
 PSYoungGen      total 295424K, used 45149K [0x00000000eb300000, 0x00000000fed80000, 0x0000000100000000)
  eden space 283136K, 15% used [0x00000000eb300000,0x00000000edf17748,0x00000000fc780000)
  from space 12288K, 0% used [0x00000000fe180000,0x00000000fe180000,0x00000000fed80000)
  to   space 19456K, 0% used [0x00000000fc780000,0x00000000fc780000,0x00000000fda80000)
 ParOldGen       total 88576K, used 43108K [0x00000000c1800000, 0x00000000c6e80000, 0x00000000eb300000)
  object space 88576K, 48% used [0x00000000c1800000,0x00000000c4219008,0x00000000c6e80000)
 Metaspace       used 59546K, capacity 61162K, committed 61400K, reserved 1101824K
  class space    used 7924K, capacity 8355K, committed 8448K, reserved 1048576K
GC Heap History (10 events):
Event: 16.122 GC heap before
{Heap before GC invocations=13 (full 2):
 PSYoungGen      total 173056K, used 161792K [0x00000000eb300000, 0x00000000f7b00000, 0x0000000100000000)
  eden space 161792K, 100% used [0x00000000eb300000,0x00000000f5100000,0x00000000f5100000)
  from space 11264K, 0% used [0x00000000f5d00000,0x00000000f5d00000,0x00000000f6800000)
  to   space 12288K, 0% used [0x00000000f5100000,0x00000000f5100000,0x00000000f5d00000)
 ParOldGen       total 50176K, used 18351K [0x00000000c1800000, 0x00000000c4900000, 0x00000000eb300000)
  object space 50176K, 36% used [0x00000000c1800000,0x00000000c29ebe68,0x00000000c4900000)
 Metaspace       used 43431K, capacity 44386K, committed 44544K, reserved 1087488K
  class space    used 5894K, capacity 6137K, committed 6144K, reserved 1048576K
Event: 16.140 GC heap after
Heap after GC invocations=13 (full 2):
 PSYoungGen      total 174080K, used 11908K [0x00000000eb300000, 0x00000000fa980000, 0x0000000100000000)
  eden space 161792K, 0% used [0x00000000eb300000,0x00000000eb300000,0x00000000f5100000)
  from space 12288K, 96% used [0x00000000f5100000,0x00000000f5ca13c8,0x00000000f5d00000)
  to   space 13824K, 0% used [0x00000000f9c00000,0x00000000f9c00000,0x00000000fa980000)
 ParOldGen       total 50176K, used 18423K [0x00000000c1800000, 0x00000000c4900000, 0x00000000eb300000)
  object space 50176K, 36% used [0x00000000c1800000,0x00000000c29fde78,0x00000000c4900000)
 Metaspace       used 43431K, capacity 44386K, committed 44544K, reserved 1087488K
  class space    used 5894K, capacity 6137K, committed 6144K, reserved 1048576K
}
Event: 18.993 GC heap before
{Heap before GC invocations=14 (full 2):
 PSYoungGen      total 174080K, used 173700K [0x00000000eb300000, 0x00000000fa980000, 0x0000000100000000)
  eden space 161792K, 100% used [0x00000000eb300000,0x00000000f5100000,0x00000000f5100000)
  from space 12288K, 96% used [0x00000000f5100000,0x00000000f5ca13c8,0x00000000f5d00000)
  to   space 13824K, 0% used [0x00000000f9c00000,0x00000000f9c00000,0x00000000fa980000)
 ParOldGen       total 50176K, used 18423K [0x00000000c1800000, 0x00000000c4900000, 0x00000000eb300000)
  object space 50176K, 36% used [0x00000000c1800000,0x00000000c29fde78,0x00000000c4900000)
 Metaspace       used 49100K, capacity 50496K, committed 50560K, reserved 1093632K
  class space    used 6697K, capacity 7004K, committed 7040K, reserved 1048576K
Event: 19.018 GC heap after
Heap after GC invocations=14 (full 2):
 PSYoungGen      total 233984K, used 13810K [0x00000000eb300000, 0x00000000fae00000, 0x0000000100000000)
  eden space 220160K, 0% used [0x00000000eb300000,0x00000000eb300000,0x00000000f8a00000)
  from space 13824K, 99% used [0x00000000f9c00000,0x00000000fa97cb70,0x00000000fa980000)
  to   space 18432K, 0% used [0x00000000f8a00000,0x00000000f8a00000,0x00000000f9c00000)
 ParOldGen       total 50176K, used 25387K [0x00000000c1800000, 0x00000000c4900000, 0x00000000eb300000)
  object space 50176K, 50% used [0x00000000c1800000,0x00000000c30cadf8,0x00000000c4900000)
 Metaspace       used 49100K, capacity 50496K, committed 50560K, reserved 1093632K
  class space    used 6697K, capacity 7004K, committed 7040K, reserved 1048576K
}
Event: 53.114 GC heap before
{Heap before GC invocations=15 (full 2):
 PSYoungGen      total 233984K, used 233970K [0x00000000eb300000, 0x00000000fae00000, 0x0000000100000000)
  eden space 220160K, 100% used [0x00000000eb300000,0x00000000f8a00000,0x00000000f8a00000)
  from space 13824K, 99% used [0x00000000f9c00000,0x00000000fa97cb70,0x00000000fa980000)
  to   space 18432K, 0% used [0x00000000f8a00000,0x00000000f8a00000,0x00000000f9c00000)
 ParOldGen       total 50176K, used 25387K [0x00000000c1800000, 0x00000000c4900000, 0x00000000eb300000)
  object space 50176K, 50% used [0x00000000c1800000,0x00000000c30cadf8,0x00000000c4900000)
 Metaspace       used 56637K, capacity 58224K, committed 58368K, reserved 1099776K
  class space    used 7688K, capacity 8100K, committed 8192K, reserved 1048576K
Event: 53.194 GC heap after
Heap after GC invocations=15 (full 2):
 PSYoungGen      total 238592K, used 12660K [0x00000000eb300000, 0x00000000ff400000, 0x0000000100000000)
  eden space 220160K, 0% used [0x00000000eb300000,0x00000000eb300000,0x00000000f8a00000)
  from space 18432K, 68% used [0x00000000f8a00000,0x00000000f965d308,0x00000000f9c00000)
  to   space 18944K, 0% used [0x00000000fe180000,0x00000000fe180000,0x00000000ff400000)
 ParOldGen       total 50176K, used 37059K [0x00000000c1800000, 0x00000000c4900000, 0x00000000eb300000)
  object space 50176K, 73% used [0x00000000c1800000,0x00000000c3c30f78,0x00000000c4900000)
 Metaspace       used 56637K, capacity 58224K, committed 58368K, reserved 1099776K
  class space    used 7688K, capacity 8100K, committed 8192K, reserved 1048576K
}
Event: 59.806 GC heap before
{Heap before GC invocations=16 (full 2):
 PSYoungGen      total 238592K, used 18420K [0x00000000eb300000, 0x00000000ff400000, 0x0000000100000000)
  eden space 220160K, 2% used [0x00000000eb300000,0x00000000eb89fe70,0x00000000f8a00000)
  from space 18432K, 68% used [0x00000000f8a00000,0x00000000f965d308,0x00000000f9c00000)
  to   space 18944K, 0% used [0x00000000fe180000,0x00000000fe180000,0x00000000ff400000)
 ParOldGen       total 50176K, used 37059K [0x00000000c1800000, 0x00000000c4900000, 0x00000000eb300000)
  object space 50176K, 73% used [0x00000000c1800000,0x00000000c3c30f78,0x00000000c4900000)
 Metaspace       used 57371K, capacity 58992K, committed 59096K, reserved 1099776K
  class space    used 7769K, capacity 8164K, committed 8192K, reserved 1048576K
Event: 59.837 GC heap after
Heap after GC invocations=16 (full 2):
 PSYoungGen      total 295424K, used 727K [0x00000000eb300000, 0x00000000fed80000, 0x0000000100000000)
  eden space 283136K, 0% used [0x00000000eb300000,0x00000000eb300000,0x00000000fc780000)
  from space 12288K, 5% used [0x00000000fe180000,0x00000000fe235e20,0x00000000fed80000)
  to   space 19456K, 0% used [0x00000000fc780000,0x00000000fc780000,0x00000000fda80000)
 ParOldGen       total 50176K, used 44426K [0x00000000c1800000, 0x00000000c4900000, 0x00000000eb300000)
  object space 50176K, 88% used [0x00000000c1800000,0x00000000c4362898,0x00000000c4900000)
 Metaspace       used 57371K, capacity 58992K, committed 59096K, reserved 1099776K
  class space    used 7769K, capacity 8164K, committed 8192K, reserved 1048576K
}
Event: 59.837 GC heap before
{Heap before GC invocations=17 (full 3):
 PSYoungGen      total 295424K, used 727K [0x00000000eb300000, 0x00000000fed80000, 0x0000000100000000)
  eden space 283136K, 0% used [0x00000000eb300000,0x00000000eb300000,0x00000000fc780000)
  from space 12288K, 5% used [0x00000000fe180000,0x00000000fe235e20,0x00000000fed80000)
  to   space 19456K, 0% used [0x00000000fc780000,0x00000000fc780000,0x00000000fda80000)
 ParOldGen       total 50176K, used 44426K [0x00000000c1800000, 0x00000000c4900000, 0x00000000eb300000)
  object space 50176K, 88% used [0x00000000c1800000,0x00000000c4362898,0x00000000c4900000)
 Metaspace       used 57371K, capacity 58992K, committed 59096K, reserved 1099776K
  class space    used 7769K, capacity 8164K, committed 8192K, reserved 1048576K
Event: 60.558 GC heap after
Heap after GC invocations=17 (full 3):
 PSYoungGen      total 295424K, used 0K [0x00000000eb300000, 0x00000000fed80000, 0x0000000100000000)
  eden space 283136K, 0% used [0x00000000eb300000,0x00000000eb300000,0x00000000fc780000)
  from space 12288K, 0% used [0x00000000fe180000,0x00000000fe180000,0x00000000fed80000)
  to   space 19456K, 0% used [0x00000000fc780000,0x00000000fc780000,0x00000000fda80000)
 ParOldGen       total 88576K, used 43108K [0x00000000c1800000, 0x00000000c6e80000, 0x00000000eb300000)
  object space 88576K, 48% used [0x00000000c1800000,0x00000000c4219008,0x00000000c6e80000)
 Metaspace       used 57369K, capacity 58986K, committed 59096K, reserved 1099776K
  class space    used 7768K, capacity 8163K, committed 8192K, reserved 1048576K
}

